<?xml version="1.0" encoding="UTF-8"?>
<!-- Generated by org.testng.reporters.JUnitReportReporter -->
<testsuite hostname="LAPTOP-KMM52CRE" failures="0" tests="1" name="wiremock_testing.MockRecording" time="1.211" errors="0" timestamp="2023-08-08T00:24:43 IST" skipped="0">
  <testcase classname="wiremock_testing.MockRecording" name="record" time="1.211"/>
  <system-out/>
</testsuite> <!-- wiremock_testing.MockRecording -->
