<?xml version="1.0" encoding="UTF-8"?>
<!-- Generated by org.testng.reporters.JUnitReportReporter -->
<testsuite hostname="LAPTOP-KMM52CRE" failures="0" tests="1" name="jira_Issue_Chaining.DeleteIssue" time="1.123" errors="0" timestamp="2023-08-16T00:09:40 IST" skipped="0">
  <testcase classname="jira_Issue_Chaining.DeleteIssue" name="delIss" time="1.123"/>
  <system-out/>
</testsuite> <!-- jira_Issue_Chaining.DeleteIssue -->
