<?xml version="1.0" encoding="UTF-8"?>
<!-- Generated by org.testng.reporters.JUnitReportReporter -->
<testsuite hostname="LAPTOP-KMM52CRE" failures="0" tests="1" name="wiremock_testing.API_WireMock.CreateStub" time="0.442" errors="0" timestamp="2023-08-08T00:50:39 IST" skipped="0">
  <testcase classname="wiremock_testing.API_WireMock.CreateStub" name="create" time="0.442"/>
  <system-out/>
</testsuite> <!-- wiremock_testing.API_WireMock.CreateStub -->
