<?xml version="1.0" encoding="UTF-8"?>
<!-- Generated by org.testng.reporters.JUnitReportReporter -->
<testsuite hostname="LAPTOP-KMM52CRE" failures="0" tests="1" name="RestAssuredAutomation.CreateMethod" time="4.816" errors="0" timestamp="2023-08-15T09:59:38 IST" skipped="0">
  <testcase classname="RestAssuredAutomation.CreateMethod" name="createMethod" time="4.816"/>
  <system-out/>
</testsuite> <!-- RestAssuredAutomation.CreateMethod -->
