<?xml version="1.0" encoding="UTF-8"?>
<!-- Generated by org.testng.reporters.JUnitReportReporter -->
<testsuite hostname="LAPTOP-KMM52CRE" failures="0" tests="1" name="restful_booker.PartialUpdateBooking" time="1.272" errors="0" timestamp="2023-08-18T01:39:58 IST" skipped="0">
  <testcase classname="restful_booker.PartialUpdateBooking" name="partialUpdate" time="1.272"/>
  <system-out/>
</testsuite> <!-- restful_booker.PartialUpdateBooking -->
