<?xml version="1.0" encoding="UTF-8"?>
<!-- Generated by org.testng.reporters.JUnitReportReporter -->
<testsuite hostname="LAPTOP-KMM52CRE" failures="0" tests="4" name="restful_chaining.CreateAuth" time="7.089" errors="0" timestamp="2023-08-15T15:27:07 IST" skipped="0">
  <testcase classname="restful_chaining.CreateAuth" name="createAuth" time="2.872"/>
  <system-out/>
  <testcase classname="restful_chaining.CreateAuth" name="deleteBooking" time="1.403"/>
  <system-out/>
  <testcase classname="restful_chaining.CreateAuth" name="createBooking" time="1.346"/>
  <system-out/>
  <testcase classname="restful_chaining.CreateAuth" name="getBooking" time="1.468"/>
  <system-out/>
</testsuite> <!-- restful_chaining.CreateAuth -->
