<?xml version="1.0" encoding="UTF-8"?>
<!-- Generated by org.testng.reporters.JUnitReportReporter -->
<testsuite hostname="LAPTOP-KMM52CRE" failures="0" tests="1" name="restful_booker.GetBookingIds" time="2.560" errors="0" timestamp="2023-08-18T00:12:55 IST" skipped="0">
  <testcase classname="restful_booker.GetBookingIds" name="getBookids" time="2.560"/>
  <system-out/>
</testsuite> <!-- restful_booker.GetBookingIds -->
