<?xml version="1.0" encoding="UTF-8"?>
<!-- Generated by org.testng.reporters.JUnitReportReporter -->
<testsuite hostname="LAPTOP-KMM52CRE" failures="0" tests="1" name="wiremock_testing.API_WireMock.GetResponseFromStub" time="1.654" errors="0" timestamp="2023-08-08T00:50:49 IST" skipped="0">
  <testcase classname="wiremock_testing.API_WireMock.GetResponseFromStub" name="stub" time="1.654"/>
  <system-out/>
</testsuite> <!-- wiremock_testing.API_WireMock.GetResponseFromStub -->
