<?xml version="1.0" encoding="UTF-8"?>
<!-- Generated by org.testng.reporters.JUnitReportReporter -->
<testsuite hostname="LAPTOP-KMM52CRE" failures="0" tests="1" name="restful_booker.DeleteBooking" time="1.274" errors="0" timestamp="2023-08-18T01:39:58 IST" skipped="0">
  <testcase classname="restful_booker.DeleteBooking" name="deleteBooking" time="1.274"/>
  <system-out/>
</testsuite> <!-- restful_booker.DeleteBooking -->
